<?xml version="1.0" encoding="UTF-8"?>
<testsuite xmlns:xsi="http://www.w3.org/2001/XMLSchema-instance" xsi:noNamespaceSchemaLocation="https://maven.apache.org/surefire/maven-surefire-plugin/xsd/surefire-test-report-3.0.xsd" version="3.0" name="hey.soulsister.group.GroupTest" time="0.054" tests="4" errors="0" skipped="0" failures="0">
  <properties>
[...]
</properties>
  <testcase name="testPower" classname="hey.soulsister.group.GroupTest" time="0.005">
    <system-out><![CDATA[power
]]></system-out>
  </testcase>
  <testcase name="testDivide" classname="hey.soulsister.group.GroupTest" time="0.001">
    <system-out><![CDATA[divide
]]></system-out>
  </testcase>
  <testcase name="testMultiply" classname="hey.soulsister.group.GroupTest" time="0.001">
    <system-out><![CDATA[multiply
]]></system-out>
  </testcase>
  <testcase name="testGetGroupMembers" classname="hey.soulsister.group.GroupTest" time="0.001">
    <system-out><![CDATA[getGroupMembers
]]></system-out>
  </testcase>
</testsuite>